build/app/intermediates/manifest_merge_blame_file/debug/manifest-merger-blame-debug-report.txt
1<?xml version="1.0" encoding="utf-8"?>
2<manifest xmlns:android="http://schemas.android.com/apk/res/android"
3    package="com.example.check_features"
4    android:versionCode="1"
5    android:versionName="1.0.0" >
6
7    <uses-sdk
8        android:minSdkVersion="20"
9        android:targetSdkVersion="29" />
10    <!--
11         Flutter needs it to communicate with the running application
12         to allow setting breakpoints, to provide hot reload, etc.
13    -->
14    <uses-permission android:name="android.permission.INTERNET" />
14-->src\main\AndroidManifest.xml:8:5-66
14-->src\main\AndroidManifest.xml:8:22-64
15    <uses-permission android:name="android.permission.VIBRATE" />
15-->src\main\AndroidManifest.xml:9:5-66
15-->src\main\AndroidManifest.xml:9:22-63
16    <uses-permission android:name="android.permission.RECEIVE_BOOT_COMPLETED" />
16-->src\main\AndroidManifest.xml:10:5-80
16-->src\main\AndroidManifest.xml:10:22-78
17    <uses-permission android:name="android.permission.WRITE_EXTERNAL_STORAGE" />
17-->src\main\AndroidManifest.xml:11:5-80
17-->src\main\AndroidManifest.xml:11:22-78
18    <uses-permission android:name="android.permission.READ_EXTERNAL_STORAGE" />
18-->src\main\AndroidManifest.xml:12:5-79
18-->src\main\AndroidManifest.xml:12:22-77
19    <uses-permission android:name="android.permission.USE_FULL_SCREEN_INTENT" /> <!-- Include required permissions for Google Maps API to run. -->
19-->[:flutter_local_notifications] AndroidManifest.xml:9:5-81
19-->[:flutter_local_notifications] AndroidManifest.xml:9:22-78
20    <uses-permission android:name="android.permission.ACCESS_NETWORK_STATE" />
20-->[com.google.android.gms:play-services-maps:17.0.0] AndroidManifest.xml:23:5-79
20-->[com.google.android.gms:play-services-maps:17.0.0] AndroidManifest.xml:23:22-76
21
22    <uses-feature
22-->[com.google.android.gms:play-services-maps:17.0.0] AndroidManifest.xml:26:5-28:35
23        android:glEsVersion="0x00020000"
23-->[com.google.android.gms:play-services-maps:17.0.0] AndroidManifest.xml:27:9-41
24        android:required="true" />
24-->[com.google.android.gms:play-services-maps:17.0.0] AndroidManifest.xml:28:9-32
25
26    <application
26-->src\main\AndroidManifest.xml:13:5-55:19
27        android:name="io.flutter.app.FlutterApplication"
27-->src\main\AndroidManifest.xml:14:9-57
28        android:appComponentFactory="androidx.core.app.CoreComponentFactory"
28-->[androidx.core:core:1.3.0] AndroidManifest.xml:24:18-86
29        android:debuggable="true"
30        android:icon="@mipmap/ic_launcher"
30-->src\main\AndroidManifest.xml:16:9-43
31        android:label="check_features" >
31-->src\main\AndroidManifest.xml:15:9-39
32        <meta-data
32-->src\main\AndroidManifest.xml:17:9-18:68
33            android:name="com.google.android.geo.API_KEY"
33-->src\main\AndroidManifest.xml:17:20-65
34            android:value="AIzaSyDHxWHP6VbmfPW7oVvnN49agYBHqGRDI7k" />
34-->src\main\AndroidManifest.xml:18:11-66
35
36        <activity
36-->src\main\AndroidManifest.xml:19:9-49:20
37            android:name="com.example.check_features.MainActivity"
37-->src\main\AndroidManifest.xml:20:13-41
38            android:configChanges="orientation|keyboardHidden|keyboard|screenSize|smallestScreenSize|locale|layoutDirection|fontScale|screenLayout|density|uiMode"
38-->src\main\AndroidManifest.xml:23:13-163
39            android:hardwareAccelerated="true"
39-->src\main\AndroidManifest.xml:24:13-47
40            android:launchMode="singleTop"
40-->src\main\AndroidManifest.xml:21:13-43
41            android:showWhenLocked="true"
41-->src\main\AndroidManifest.xml:26:13-42
42            android:theme="@style/LaunchTheme"
42-->src\main\AndroidManifest.xml:22:13-47
43            android:turnScreenOn="true"
43-->src\main\AndroidManifest.xml:27:13-40
44            android:windowSoftInputMode="adjustResize" >
44-->src\main\AndroidManifest.xml:25:13-55
45
46            <!--
47                 Specifies an Android theme to apply to this Activity as soon as
48                 the Android process has started. This theme is visible to the user
49                 while the Flutter UI initializes. After that, this theme continues
50                 to determine the Window background behind the Flutter UI.
51            -->
52            <meta-data
52-->src\main\AndroidManifest.xml:32:13-35:17
53                android:name="io.flutter.embedding.android.NormalTheme"
53-->src\main\AndroidManifest.xml:33:15-70
54                android:resource="@style/NormalTheme" />
54-->src\main\AndroidManifest.xml:34:15-52
55            <!--
56                 Displays an Android View that continues showing the launch screen
57                 Drawable until Flutter paints its first frame, then this splash
58                 screen fades out. A splash screen is useful to avoid any visual
59                 gap between the end of Android's launch screen and the painting of
60                 Flutter's first frame.
61            -->
62            <meta-data
62-->src\main\AndroidManifest.xml:41:13-44:17
63                android:name="io.flutter.embedding.android.SplashScreenDrawable"
63-->src\main\AndroidManifest.xml:42:15-79
64                android:resource="@drawable/launch_background" />
64-->src\main\AndroidManifest.xml:43:15-61
65
66            <intent-filter>
66-->src\main\AndroidManifest.xml:45:13-48:29
67                <action android:name="android.intent.action.MAIN" />
67-->src\main\AndroidManifest.xml:46:17-68
67-->src\main\AndroidManifest.xml:46:25-66
68
69                <category android:name="android.intent.category.LAUNCHER" />
69-->src\main\AndroidManifest.xml:47:17-76
69-->src\main\AndroidManifest.xml:47:27-74
70            </intent-filter>
71        </activity>
72        <!--
73             Don't delete the meta-data below.
74             This is used by the Flutter tool to generate GeneratedPluginRegistrant.java
75        -->
76        <meta-data
76-->src\main\AndroidManifest.xml:52:9-54:33
77            android:name="flutterEmbedding"
77-->src\main\AndroidManifest.xml:53:13-44
78            android:value="2" />
78-->src\main\AndroidManifest.xml:54:13-30
79
80        <provider
80-->[:image_picker] AndroidManifest.xml:8:9-16:20
81            android:name="io.flutter.plugins.imagepicker.ImagePickerFileProvider"
81-->[:image_picker] AndroidManifest.xml:9:13-82
82            android:authorities="com.example.check_features.flutter.image_provider"
82-->[:image_picker] AndroidManifest.xml:10:13-74
83            android:exported="false"
83-->[:image_picker] AndroidManifest.xml:11:13-37
84            android:grantUriPermissions="true" >
84-->[:image_picker] AndroidManifest.xml:12:13-47
85            <meta-data
85-->[:image_picker] AndroidManifest.xml:13:13-15:75
86                android:name="android.support.FILE_PROVIDER_PATHS"
86-->[:image_picker] AndroidManifest.xml:14:17-67
87                android:resource="@xml/flutter_image_picker_file_paths" />
87-->[:image_picker] AndroidManifest.xml:15:17-72
88        </provider>
89
90        <service
90-->[:firebase_remote_config] AndroidManifest.xml:8:9-12:19
91            android:name="com.google.firebase.components.ComponentDiscoveryService"
91-->[:firebase_remote_config] AndroidManifest.xml:8:18-89
92            android:directBootAware="true"
92-->[com.google.firebase:firebase-common:20.0.0] AndroidManifest.xml:35:13-43
93            android:exported="false" >
93-->[com.google.firebase:firebase-config:21.0.0] AndroidManifest.xml:31:13-37
94            <meta-data
94-->[:firebase_remote_config] AndroidManifest.xml:9:13-11:85
95                android:name="com.google.firebase.components:io.flutter.plugins.firebase.firebaseremoteconfig.FlutterFirebaseAppRegistrar"
95-->[:firebase_remote_config] AndroidManifest.xml:10:17-139
96                android:value="com.google.firebase.components.ComponentRegistrar" />
96-->[:firebase_remote_config] AndroidManifest.xml:11:17-82
97            <meta-data
97-->[:firebase_core] AndroidManifest.xml:9:13-11:85
98                android:name="com.google.firebase.components:io.flutter.plugins.firebase.core.FlutterFirebaseCoreRegistrar"
98-->[:firebase_core] AndroidManifest.xml:10:17-124
99                android:value="com.google.firebase.components.ComponentRegistrar" />
99-->[:firebase_core] AndroidManifest.xml:11:17-82
100            <meta-data
100-->[com.google.firebase:firebase-config:21.0.0] AndroidManifest.xml:32:13-34:85
101                android:name="com.google.firebase.components:com.google.firebase.remoteconfig.RemoteConfigRegistrar"
101-->[com.google.firebase:firebase-config:21.0.0] AndroidManifest.xml:33:17-117
102                android:value="com.google.firebase.components.ComponentRegistrar" />
102-->[com.google.firebase:firebase-config:21.0.0] AndroidManifest.xml:34:17-82
103            <meta-data
103-->[com.google.firebase:firebase-abt:21.0.0] AndroidManifest.xml:13:13-15:85
104                android:name="com.google.firebase.components:com.google.firebase.abt.component.AbtRegistrar"
104-->[com.google.firebase:firebase-abt:21.0.0] AndroidManifest.xml:14:17-109
105                android:value="com.google.firebase.components.ComponentRegistrar" />
105-->[com.google.firebase:firebase-abt:21.0.0] AndroidManifest.xml:15:17-82
106            <meta-data
106-->[com.google.firebase:firebase-installations:17.0.0] AndroidManifest.xml:18:13-20:85
107                android:name="com.google.firebase.components:com.google.firebase.installations.FirebaseInstallationsRegistrar"
107-->[com.google.firebase:firebase-installations:17.0.0] AndroidManifest.xml:19:17-127
108                android:value="com.google.firebase.components.ComponentRegistrar" />
108-->[com.google.firebase:firebase-installations:17.0.0] AndroidManifest.xml:20:17-82
109        </service>
110
111        <activity
111-->[:url_launcher] AndroidManifest.xml:8:9-11:74
112            android:name="io.flutter.plugins.urllauncher.WebViewActivity"
112-->[:url_launcher] AndroidManifest.xml:9:13-74
113            android:exported="false"
113-->[:url_launcher] AndroidManifest.xml:10:13-37
114            android:theme="@android:style/Theme.NoTitleBar.Fullscreen" />
114-->[:url_launcher] AndroidManifest.xml:11:13-71
115
116        <receiver android:name="com.dexterous.flutterlocalnotifications.ScheduledNotificationReceiver" />
116-->[:flutter_local_notifications] AndroidManifest.xml:12:9-106
116-->[:flutter_local_notifications] AndroidManifest.xml:12:19-103
117        <receiver android:name="com.dexterous.flutterlocalnotifications.ScheduledNotificationBootReceiver" >
117-->[:flutter_local_notifications] AndroidManifest.xml:13:9-20:20
117-->[:flutter_local_notifications] AndroidManifest.xml:13:19-107
118            <intent-filter>
118-->[:flutter_local_notifications] AndroidManifest.xml:14:13-19:29
119                <action android:name="android.intent.action.BOOT_COMPLETED" />
119-->[:flutter_local_notifications] AndroidManifest.xml:15:17-79
119-->[:flutter_local_notifications] AndroidManifest.xml:15:25-76
120                <action android:name="android.intent.action.MY_PACKAGE_REPLACED" />
120-->[:flutter_local_notifications] AndroidManifest.xml:16:17-84
120-->[:flutter_local_notifications] AndroidManifest.xml:16:25-81
121                <action android:name="android.intent.action.QUICKBOOT_POWERON" />
121-->[:flutter_local_notifications] AndroidManifest.xml:17:17-82
121-->[:flutter_local_notifications] AndroidManifest.xml:17:25-79
122                <action android:name="com.htc.intent.action.QUICKBOOT_POWERON" />
122-->[:flutter_local_notifications] AndroidManifest.xml:18:17-82
122-->[:flutter_local_notifications] AndroidManifest.xml:18:25-79
123            </intent-filter>
124        </receiver> <!-- Needs to be explicitly declared on P+ -->
125        <uses-library
125-->[com.google.android.gms:play-services-maps:17.0.0] AndroidManifest.xml:33:9-35:40
126            android:name="org.apache.http.legacy"
126-->[com.google.android.gms:play-services-maps:17.0.0] AndroidManifest.xml:34:13-50
127            android:required="false" />
127-->[com.google.android.gms:play-services-maps:17.0.0] AndroidManifest.xml:35:13-37
128
129        <activity
129-->[com.google.android.gms:play-services-base:17.0.0] AndroidManifest.xml:23:9-26:75
130            android:name="com.google.android.gms.common.api.GoogleApiActivity"
130-->[com.google.android.gms:play-services-base:17.0.0] AndroidManifest.xml:24:13-79
131            android:exported="false"
131-->[com.google.android.gms:play-services-base:17.0.0] AndroidManifest.xml:25:13-37
132            android:theme="@android:style/Theme.Translucent.NoTitleBar" />
132-->[com.google.android.gms:play-services-base:17.0.0] AndroidManifest.xml:26:13-72
133
134        <provider
134-->[com.google.firebase:firebase-common:20.0.0] AndroidManifest.xml:26:9-31:39
135            android:name="com.google.firebase.provider.FirebaseInitProvider"
135-->[com.google.firebase:firebase-common:20.0.0] AndroidManifest.xml:27:13-77
136            android:authorities="com.example.check_features.firebaseinitprovider"
136-->[com.google.firebase:firebase-common:20.0.0] AndroidManifest.xml:28:13-72
137            android:directBootAware="true"
137-->[com.google.firebase:firebase-common:20.0.0] AndroidManifest.xml:29:13-43
138            android:exported="false"
138-->[com.google.firebase:firebase-common:20.0.0] AndroidManifest.xml:30:13-37
139            android:initOrder="100" />
139-->[com.google.firebase:firebase-common:20.0.0] AndroidManifest.xml:31:13-36
140
141        <meta-data
141-->[com.google.android.gms:play-services-basement:17.2.1] AndroidManifest.xml:23:9-25:69
142            android:name="com.google.android.gms.version"
142-->[com.google.android.gms:play-services-basement:17.2.1] AndroidManifest.xml:24:13-58
143            android:value="@integer/google_play_services_version" />
143-->[com.google.android.gms:play-services-basement:17.2.1] AndroidManifest.xml:25:13-66
144    </application>
145
146</manifest>